  stm32h7xx_hal.c
  stm32h7xx_hal_cortex.c
  stm32h7xx_hal_dma.c
  stm32h7xx_hal_dma2d.c
  stm32h7xx_hal_dma_ex.c
  stm32h7xx_hal_dsi.c
  stm32h7xx_hal_exti.c
  stm32h7xx_hal_flash.c
  stm32h7xx_hal_flash_ex.c
  stm32h7xx_hal_gpio.c
  stm32h7xx_hal_hsem.c
  stm32h7xx_hal_i2c.c
  stm32h7xx_hal_i2c_ex.c
  stm32h7xx_hal_ltdc.c
  stm32h7xx_hal_ltdc_ex.c
  stm32h7xx_hal_mdma.c
  stm32h7xx_hal_pwr.c
  stm32h7xx_hal_pwr_ex.c
  stm32h7xx_hal_rcc.c
  stm32h7xx_hal_rcc_ex.c
  stm32h7xx_hal_sdram.c
  stm32h7xx_hal_tim.c
  stm32h7xx_hal_tim_ex.c
  stm32h7xx_hal_uart.c
  stm32h7xx_hal_uart_ex.c
  stm32h7xx_ll_fmc.c
  debug.c
  dma2d.c
  fmc.c
  gpio.c
  lcd_lib.c
  ltdc.c
  main.c
  sdram.c
  stm32h7xx_hal_msp.c
  stm32h7xx_it.c
  sys.c
  system_stm32h7xx.c
  tim.c
  usart.c
  startup_stm32h743xx.c
  usb_device.c
  usbd_conf.c
  usbd_desc.c
  stm32h7xx_hal_pcd.c
  stm32h7xx_hal_pcd_ex.c
  stm32h7xx_ll_usb.c
  usbd_core.c
  usbd_ctlreq.c
  usbd_ioreq.c
  usbd_hid.c
  Linking VisualGDB/Debug/STM32_Tempalte...
  ------------------- Memory utilization report -------------------
  Used FLASH: 93KB out of 2048KB (4%) [+18K]
  Used DTCMRAM: 5668 bytes out of 128KB (4%) [+2596]
  Used RAM_D1: 0 bytes out of 512KB (0%)
  Used RAM_D2: 0 bytes out of 288KB (0%)
  Used RAM_D3: 0 bytes out of 64KB (0%)
  Used ITCMRAM: 0 bytes out of 64KB (0%)
