f:\project\keil\arm\stm32_tempalte\mdk-arm\visualgdb\debug\debug.o
f:\project\keil\arm\stm32_tempalte\mdk-arm\visualgdb\debug\dma2d.o
f:\project\keil\arm\stm32_tempalte\mdk-arm\visualgdb\debug\fmc.o
f:\project\keil\arm\stm32_tempalte\mdk-arm\visualgdb\debug\gpio.o
f:\project\keil\arm\stm32_tempalte\mdk-arm\visualgdb\debug\lcd_lib.o
f:\project\keil\arm\stm32_tempalte\mdk-arm\visualgdb\debug\ltdc.o
f:\project\keil\arm\stm32_tempalte\mdk-arm\visualgdb\debug\main.o
f:\project\keil\arm\stm32_tempalte\mdk-arm\visualgdb\debug\sdram.o
f:\project\keil\arm\stm32_tempalte\mdk-arm\visualgdb\debug\stm32h7xx_hal.o
f:\project\keil\arm\stm32_tempalte\mdk-arm\visualgdb\debug\stm32h7xx_hal_cortex.o
f:\project\keil\arm\stm32_tempalte\mdk-arm\visualgdb\debug\stm32h7xx_hal_dma.o
f:\project\keil\arm\stm32_tempalte\mdk-arm\visualgdb\debug\stm32h7xx_hal_dma2d.o
f:\project\keil\arm\stm32_tempalte\mdk-arm\visualgdb\debug\stm32h7xx_hal_dma_ex.o
f:\project\keil\arm\stm32_tempalte\mdk-arm\visualgdb\debug\stm32h7xx_hal_dsi.o
f:\project\keil\arm\stm32_tempalte\mdk-arm\visualgdb\debug\stm32h7xx_hal_exti.o
f:\project\keil\arm\stm32_tempalte\mdk-arm\visualgdb\debug\stm32h7xx_hal_flash.o
f:\project\keil\arm\stm32_tempalte\mdk-arm\visualgdb\debug\stm32h7xx_hal_flash_ex.o
f:\project\keil\arm\stm32_tempalte\mdk-arm\visualgdb\debug\stm32h7xx_hal_gpio.o
f:\project\keil\arm\stm32_tempalte\mdk-arm\visualgdb\debug\stm32h7xx_hal_hsem.o
f:\project\keil\arm\stm32_tempalte\mdk-arm\visualgdb\debug\stm32h7xx_hal_i2c.o
f:\project\keil\arm\stm32_tempalte\mdk-arm\visualgdb\debug\stm32h7xx_hal_i2c_ex.o
f:\project\keil\arm\stm32_tempalte\mdk-arm\visualgdb\debug\stm32h7xx_hal_ltdc.o
f:\project\keil\arm\stm32_tempalte\mdk-arm\visualgdb\debug\stm32h7xx_hal_ltdc_ex.o
f:\project\keil\arm\stm32_tempalte\mdk-arm\visualgdb\debug\stm32h7xx_hal_mdma.o
f:\project\keil\arm\stm32_tempalte\mdk-arm\visualgdb\debug\stm32h7xx_hal_msp.o
f:\project\keil\arm\stm32_tempalte\mdk-arm\visualgdb\debug\stm32h7xx_hal_pwr.o
f:\project\keil\arm\stm32_tempalte\mdk-arm\visualgdb\debug\stm32h7xx_hal_pwr_ex.o
f:\project\keil\arm\stm32_tempalte\mdk-arm\visualgdb\debug\stm32h7xx_hal_rcc.o
f:\project\keil\arm\stm32_tempalte\mdk-arm\visualgdb\debug\stm32h7xx_hal_rcc_ex.o
f:\project\keil\arm\stm32_tempalte\mdk-arm\visualgdb\debug\stm32h7xx_hal_sdram.o
f:\project\keil\arm\stm32_tempalte\mdk-arm\visualgdb\debug\stm32h7xx_hal_tim.o
f:\project\keil\arm\stm32_tempalte\mdk-arm\visualgdb\debug\stm32h7xx_hal_tim_ex.o
f:\project\keil\arm\stm32_tempalte\mdk-arm\visualgdb\debug\stm32h7xx_hal_uart.o
f:\project\keil\arm\stm32_tempalte\mdk-arm\visualgdb\debug\stm32h7xx_hal_uart_ex.o
f:\project\keil\arm\stm32_tempalte\mdk-arm\visualgdb\debug\stm32h7xx_it.o
f:\project\keil\arm\stm32_tempalte\mdk-arm\visualgdb\debug\stm32h7xx_ll_fmc.o
f:\project\keil\arm\stm32_tempalte\mdk-arm\visualgdb\debug\sys.o
f:\project\keil\arm\stm32_tempalte\mdk-arm\visualgdb\debug\system_stm32h7xx.o
f:\project\keil\arm\stm32_tempalte\mdk-arm\visualgdb\debug\tim.o
f:\project\keil\arm\stm32_tempalte\mdk-arm\visualgdb\debug\usart.o
f:\project\keil\arm\stm32_tempalte\mdk-arm\visualgdb\debug\debug.dep
f:\project\keil\arm\stm32_tempalte\mdk-arm\visualgdb\debug\dma2d.dep
f:\project\keil\arm\stm32_tempalte\mdk-arm\visualgdb\debug\fmc.dep
f:\project\keil\arm\stm32_tempalte\mdk-arm\visualgdb\debug\gpio.dep
f:\project\keil\arm\stm32_tempalte\mdk-arm\visualgdb\debug\lcd_lib.dep
f:\project\keil\arm\stm32_tempalte\mdk-arm\visualgdb\debug\ltdc.dep
f:\project\keil\arm\stm32_tempalte\mdk-arm\visualgdb\debug\main.dep
f:\project\keil\arm\stm32_tempalte\mdk-arm\visualgdb\debug\sdram.dep
f:\project\keil\arm\stm32_tempalte\mdk-arm\visualgdb\debug\stm32h7xx_hal.dep
f:\project\keil\arm\stm32_tempalte\mdk-arm\visualgdb\debug\stm32h7xx_hal_cortex.dep
f:\project\keil\arm\stm32_tempalte\mdk-arm\visualgdb\debug\stm32h7xx_hal_dma.dep
f:\project\keil\arm\stm32_tempalte\mdk-arm\visualgdb\debug\stm32h7xx_hal_dma2d.dep
f:\project\keil\arm\stm32_tempalte\mdk-arm\visualgdb\debug\stm32h7xx_hal_dma_ex.dep
f:\project\keil\arm\stm32_tempalte\mdk-arm\visualgdb\debug\stm32h7xx_hal_dsi.dep
f:\project\keil\arm\stm32_tempalte\mdk-arm\visualgdb\debug\stm32h7xx_hal_exti.dep
f:\project\keil\arm\stm32_tempalte\mdk-arm\visualgdb\debug\stm32h7xx_hal_flash.dep
f:\project\keil\arm\stm32_tempalte\mdk-arm\visualgdb\debug\stm32h7xx_hal_flash_ex.dep
f:\project\keil\arm\stm32_tempalte\mdk-arm\visualgdb\debug\stm32h7xx_hal_gpio.dep
f:\project\keil\arm\stm32_tempalte\mdk-arm\visualgdb\debug\stm32h7xx_hal_hsem.dep
f:\project\keil\arm\stm32_tempalte\mdk-arm\visualgdb\debug\stm32h7xx_hal_i2c.dep
f:\project\keil\arm\stm32_tempalte\mdk-arm\visualgdb\debug\stm32h7xx_hal_i2c_ex.dep
f:\project\keil\arm\stm32_tempalte\mdk-arm\visualgdb\debug\stm32h7xx_hal_ltdc.dep
f:\project\keil\arm\stm32_tempalte\mdk-arm\visualgdb\debug\stm32h7xx_hal_ltdc_ex.dep
f:\project\keil\arm\stm32_tempalte\mdk-arm\visualgdb\debug\stm32h7xx_hal_mdma.dep
f:\project\keil\arm\stm32_tempalte\mdk-arm\visualgdb\debug\stm32h7xx_hal_msp.dep
f:\project\keil\arm\stm32_tempalte\mdk-arm\visualgdb\debug\stm32h7xx_hal_pwr.dep
f:\project\keil\arm\stm32_tempalte\mdk-arm\visualgdb\debug\stm32h7xx_hal_pwr_ex.dep
f:\project\keil\arm\stm32_tempalte\mdk-arm\visualgdb\debug\stm32h7xx_hal_rcc.dep
f:\project\keil\arm\stm32_tempalte\mdk-arm\visualgdb\debug\stm32h7xx_hal_rcc_ex.dep
f:\project\keil\arm\stm32_tempalte\mdk-arm\visualgdb\debug\stm32h7xx_hal_sdram.dep
f:\project\keil\arm\stm32_tempalte\mdk-arm\visualgdb\debug\stm32h7xx_hal_tim.dep
f:\project\keil\arm\stm32_tempalte\mdk-arm\visualgdb\debug\stm32h7xx_hal_tim_ex.dep
f:\project\keil\arm\stm32_tempalte\mdk-arm\visualgdb\debug\stm32h7xx_hal_uart.dep
f:\project\keil\arm\stm32_tempalte\mdk-arm\visualgdb\debug\stm32h7xx_hal_uart_ex.dep
f:\project\keil\arm\stm32_tempalte\mdk-arm\visualgdb\debug\stm32h7xx_it.dep
f:\project\keil\arm\stm32_tempalte\mdk-arm\visualgdb\debug\stm32h7xx_ll_fmc.dep
f:\project\keil\arm\stm32_tempalte\mdk-arm\visualgdb\debug\sys.dep
f:\project\keil\arm\stm32_tempalte\mdk-arm\visualgdb\debug\system_stm32h7xx.dep
f:\project\keil\arm\stm32_tempalte\mdk-arm\visualgdb\debug\tim.dep
f:\project\keil\arm\stm32_tempalte\mdk-arm\visualgdb\debug\usart.dep
f:\project\keil\arm\stm32_tempalte\mdk-arm\visualgdb\debug\stm32_tempalte.link.rsp
f:\project\keil\arm\stm32_tempalte\mdk-arm\visualgdb\debug\stm32_tempalte.bin
f:\project\keil\arm\stm32_tempalte\mdk-arm\visualgdb\debug\stm32_tempalte.alldeps
f:\project\keil\arm\stm32_tempalte\mdk-arm\visualgdb\debug\stm32_tempalte
f:\project\keil\arm\stm32_tempalte\mdk-arm\visualgdb\debug\debug.gcc.rsp
f:\project\keil\arm\stm32_tempalte\mdk-arm\visualgdb\debug\dma2d.gcc.rsp
f:\project\keil\arm\stm32_tempalte\mdk-arm\visualgdb\debug\fmc.gcc.rsp
f:\project\keil\arm\stm32_tempalte\mdk-arm\visualgdb\debug\gpio.gcc.rsp
f:\project\keil\arm\stm32_tempalte\mdk-arm\visualgdb\debug\lcd_lib.gcc.rsp
f:\project\keil\arm\stm32_tempalte\mdk-arm\visualgdb\debug\ltdc.gcc.rsp
f:\project\keil\arm\stm32_tempalte\mdk-arm\visualgdb\debug\main.gcc.rsp
f:\project\keil\arm\stm32_tempalte\mdk-arm\visualgdb\debug\sdram.gcc.rsp
f:\project\keil\arm\stm32_tempalte\mdk-arm\visualgdb\debug\stm32h7xx_hal.gcc.rsp
f:\project\keil\arm\stm32_tempalte\mdk-arm\visualgdb\debug\stm32h7xx_hal_cortex.gcc.rsp
f:\project\keil\arm\stm32_tempalte\mdk-arm\visualgdb\debug\stm32h7xx_hal_dma.gcc.rsp
f:\project\keil\arm\stm32_tempalte\mdk-arm\visualgdb\debug\stm32h7xx_hal_dma2d.gcc.rsp
f:\project\keil\arm\stm32_tempalte\mdk-arm\visualgdb\debug\stm32h7xx_hal_dma_ex.gcc.rsp
f:\project\keil\arm\stm32_tempalte\mdk-arm\visualgdb\debug\stm32h7xx_hal_dsi.gcc.rsp
f:\project\keil\arm\stm32_tempalte\mdk-arm\visualgdb\debug\stm32h7xx_hal_exti.gcc.rsp
f:\project\keil\arm\stm32_tempalte\mdk-arm\visualgdb\debug\stm32h7xx_hal_flash.gcc.rsp
f:\project\keil\arm\stm32_tempalte\mdk-arm\visualgdb\debug\stm32h7xx_hal_flash_ex.gcc.rsp
f:\project\keil\arm\stm32_tempalte\mdk-arm\visualgdb\debug\stm32h7xx_hal_gpio.gcc.rsp
f:\project\keil\arm\stm32_tempalte\mdk-arm\visualgdb\debug\stm32h7xx_hal_hsem.gcc.rsp
f:\project\keil\arm\stm32_tempalte\mdk-arm\visualgdb\debug\stm32h7xx_hal_i2c.gcc.rsp
f:\project\keil\arm\stm32_tempalte\mdk-arm\visualgdb\debug\stm32h7xx_hal_i2c_ex.gcc.rsp
f:\project\keil\arm\stm32_tempalte\mdk-arm\visualgdb\debug\stm32h7xx_hal_ltdc.gcc.rsp
f:\project\keil\arm\stm32_tempalte\mdk-arm\visualgdb\debug\stm32h7xx_hal_ltdc_ex.gcc.rsp
f:\project\keil\arm\stm32_tempalte\mdk-arm\visualgdb\debug\stm32h7xx_hal_mdma.gcc.rsp
f:\project\keil\arm\stm32_tempalte\mdk-arm\visualgdb\debug\stm32h7xx_hal_msp.gcc.rsp
f:\project\keil\arm\stm32_tempalte\mdk-arm\visualgdb\debug\stm32h7xx_hal_pwr.gcc.rsp
f:\project\keil\arm\stm32_tempalte\mdk-arm\visualgdb\debug\stm32h7xx_hal_pwr_ex.gcc.rsp
f:\project\keil\arm\stm32_tempalte\mdk-arm\visualgdb\debug\stm32h7xx_hal_rcc.gcc.rsp
f:\project\keil\arm\stm32_tempalte\mdk-arm\visualgdb\debug\stm32h7xx_hal_rcc_ex.gcc.rsp
f:\project\keil\arm\stm32_tempalte\mdk-arm\visualgdb\debug\stm32h7xx_hal_sdram.gcc.rsp
f:\project\keil\arm\stm32_tempalte\mdk-arm\visualgdb\debug\stm32h7xx_hal_tim.gcc.rsp
f:\project\keil\arm\stm32_tempalte\mdk-arm\visualgdb\debug\stm32h7xx_hal_tim_ex.gcc.rsp
f:\project\keil\arm\stm32_tempalte\mdk-arm\visualgdb\debug\stm32h7xx_hal_uart.gcc.rsp
f:\project\keil\arm\stm32_tempalte\mdk-arm\visualgdb\debug\stm32h7xx_hal_uart_ex.gcc.rsp
f:\project\keil\arm\stm32_tempalte\mdk-arm\visualgdb\debug\stm32h7xx_it.gcc.rsp
f:\project\keil\arm\stm32_tempalte\mdk-arm\visualgdb\debug\stm32h7xx_ll_fmc.gcc.rsp
f:\project\keil\arm\stm32_tempalte\mdk-arm\visualgdb\debug\stm32_tempalte.mkbin.rsp
f:\project\keil\arm\stm32_tempalte\mdk-arm\visualgdb\debug\sys.gcc.rsp
f:\project\keil\arm\stm32_tempalte\mdk-arm\visualgdb\debug\system_stm32h7xx.gcc.rsp
f:\project\keil\arm\stm32_tempalte\mdk-arm\visualgdb\debug\tim.gcc.rsp
f:\project\keil\arm\stm32_tempalte\mdk-arm\visualgdb\debug\usart.gcc.rsp
